[0511/120328:FATAL:memory_win.cc(38)] Out of memory, size = 1048576
Backtrace:
	cef_time_to_timet [0x00007FFB8F081C41+999793]
	cef_time_to_timet [0x00007FFB8F03EC2C+725340]
	GetHandleVerifier [0x00007FFB8F09FBDB+74443]
	cef_time_to_timet [0x00007FFB8F03E2C8+722936]
	GetHandleVerifier [0x00007FFB8F3E5B6B+3506779]
	GetHandleVerifier [0x00007FFB8F3E5DCE+3507390]
	GetHandleVerifier [0x00007FFB8F3E5D3E+3507246]
	UnregisterNonABICompliantCodeRange [0x00007FFB91605232+13085650]
	UnregisterNonABICompliantCodeRange [0x00007FFB916094B3+13102675]
	UnregisterNonABICompliantCodeRange [0x00007FFB9160B637+13111255]
	UnregisterNonABICompliantCodeRange [0x00007FFB9160900F+13101487]
	UnregisterNonABICompliantCodeRange [0x00007FFB9160DF38+13121752]
	UnregisterNonABICompliantCodeRange [0x00007FFB9161434C+13147372]
	UnregisterNonABICompliantCodeRange [0x00007FFB91612578+13139736]
	UnregisterNonABICompliantCodeRange [0x00007FFB91611DC4+13137764]
	UnregisterNonABICompliantCodeRange [0x00007FFB91613D6B+13145867]
	UnregisterNonABICompliantCodeRange [0x00007FFB916181FA+13163418]
	UnregisterNonABICompliantCodeRange [0x00007FFB91609643+13103075]
	UnregisterNonABICompliantCodeRange [0x00007FFB9160981D+13103549]
	UnregisterNonABICompliantCodeRange [0x00007FFB9160B56F+13111055]
	UnregisterNonABICompliantCodeRange [0x00007FFB9160900F+13101487]
	UnregisterNonABICompliantCodeRange [0x00007FFB9160DDA1+13121345]
	UnregisterNonABICompliantCodeRange [0x00007FFB9160E150+13122288]
	UnregisterNonABICompliantCodeRange [0x00007FFB9160E497+13123127]
	UnregisterNonABICompliantCodeRange [0x00007FFB91616E11+13158321]
	UnregisterNonABICompliantCodeRange [0x00007FFB91615F19+13154489]
	UnregisterNonABICompliantCodeRange [0x00007FFB9160CBC4+13116772]
	UnregisterNonABICompliantCodeRange [0x00007FFB916104B4+13131348]
	UnregisterNonABICompliantCodeRange [0x00007FFB91612540+13139680]
	UnregisterNonABICompliantCodeRange [0x00007FFB91611DC4+13137764]
	UnregisterNonABICompliantCodeRange [0x00007FFB91613D6B+13145867]
	UnregisterNonABICompliantCodeRange [0x00007FFB916181FA+13163418]
	UnregisterNonABICompliantCodeRange [0x00007FFB91609643+13103075]
	UnregisterNonABICompliantCodeRange [0x00007FFB9160B56F+13111055]
	UnregisterNonABICompliantCodeRange [0x00007FFB9160900F+13101487]
	UnregisterNonABICompliantCodeRange [0x00007FFB916093A8+13102408]
	UnregisterNonABICompliantCodeRange [0x00007FFB9160DDA1+13121345]
	UnregisterNonABICompliantCodeRange [0x00007FFB9160E150+13122288]
	UnregisterNonABICompliantCodeRange [0x00007FFB9160E497+13123127]
	UnregisterNonABICompliantCodeRange [0x00007FFB91616E11+13158321]
	UnregisterNonABICompliantCodeRange [0x00007FFB91615F19+13154489]
	UnregisterNonABICompliantCodeRange [0x00007FFB9160CBC4+13116772]
	UnregisterNonABICompliantCodeRange [0x00007FFB916104B4+13131348]
	UnregisterNonABICompliantCodeRange [0x00007FFB91612540+13139680]
	UnregisterNonABICompliantCodeRange [0x00007FFB91611DC4+13137764]
	UnregisterNonABICompliantCodeRange [0x00007FFB91613D6B+13145867]
	UnregisterNonABICompliantCodeRange [0x00007FFB916181FA+13163418]
	UnregisterNonABICompliantCodeRange [0x00007FFB91609643+13103075]
	UnregisterNonABICompliantCodeRange [0x00007FFB9160B56F+13111055]
	UnregisterNonABICompliantCodeRange [0x00007FFB9160900F+13101487]
	UnregisterNonABICompliantCodeRange [0x00007FFB916080AF+13097551]
	UnregisterNonABICompliantCodeRange [0x00007FFB91614121+13146817]
	UnregisterNonABICompliantCodeRange [0x00007FFB91612578+13139736]
	UnregisterNonABICompliantCodeRange [0x00007FFB91611DC4+13137764]
	UnregisterNonABICompliantCodeRange [0x00007FFB91613D6B+13145867]
	UnregisterNonABICompliantCodeRange [0x00007FFB916181FA+13163418]
	UnregisterNonABICompliantCodeRange [0x00007FFB91609643+13103075]
	UnregisterNonABICompliantCodeRange [0x00007FFB9160B56F+13111055]
	UnregisterNonABICompliantCodeRange [0x00007FFB9160900F+13101487]
	UnregisterNonABICompliantCodeRange [0x00007FFB91614C3A+13149658]
	UnregisterNonABICompliantCodeRange [0x00007FFB91613891+13144625]
	UnregisterNonABICompliantCodeRange [0x00007FFB91614141+13146849]

